2019-10-14 11:00:39,258 [Worker-3: Loading available Gradle versions] INFO  o.e.b.c.i.u.g.PublishedGradleVersions - Gradle version information cache is up-to-date. Trying to read.
2019-10-14 11:02:15,695 [Worker-9: Importing Maven projects] INFO  o.e.m.c.i.l.LifecycleMappingFactory - Using org.eclipse.m2e.jdt.JarLifecycleMapping lifecycle mapping for MavenProject: com.ibm.rms:rms-service:0.0.1-SNAPSHOT @ C:\Users\AnkitPanigrahy\Documents\final-project\RMS\source\rms-service\pom.xml.
2019-10-14 11:02:23,753 [Worker-9: Importing Maven projects] INFO  o.e.m.j.i.AbstractJavaProjectConfigurator - Adding source folder /rms-service/src/main/java
2019-10-14 11:02:23,754 [Worker-9: Importing Maven projects] INFO  o.e.m.j.i.AbstractJavaProjectConfigurator - Adding resource folder /rms-service/src/main/resources
2019-10-14 11:02:23,779 [Worker-9: Importing Maven projects] INFO  o.e.m.j.i.AbstractJavaProjectConfigurator - Adding resource folder /rms-service/src/main/resources
2019-10-14 11:02:23,797 [Worker-9: Importing Maven projects] INFO  o.e.m.j.i.AbstractJavaProjectConfigurator - Adding source folder /rms-service/src/test/java
2019-10-14 11:02:37,426 [Worker-9: Importing Maven projects] INFO  o.e.m.c.i.p.ProjectConfigurationManager - Imported and configured 1 project(s) in 29 sec
2019-10-14 11:02:40,696 [Worker-10: Building workspace] INFO  o.e.m.c.i.embedder.EclipseLogger - Using 'UTF-8' encoding to copy filtered resources.
2019-10-14 11:02:40,704 [Worker-10: Building workspace] INFO  o.e.m.c.i.embedder.EclipseLogger - Copying 1 resource
2019-10-14 11:02:40,727 [Worker-10: Building workspace] INFO  o.e.m.c.i.embedder.EclipseLogger - Copying 0 resource
2019-10-14 11:02:40,733 [Worker-10: Building workspace] INFO  o.e.m.c.i.embedder.EclipseLogger - Using 'UTF-8' encoding to copy filtered resources.
2019-10-14 11:02:40,734 [Worker-10: Building workspace] INFO  o.e.m.c.i.embedder.EclipseLogger - skip non existing resourceDirectory C:\Users\AnkitPanigrahy\Documents\final-project\RMS\source\rms-service\src\test\resources
2019-10-14 11:02:42,668 [Worker-0: Building workspace] INFO  o.e.m.c.i.embedder.EclipseLogger - Using 'UTF-8' encoding to copy filtered resources.
2019-10-14 11:02:42,670 [Worker-0: Building workspace] INFO  o.e.m.c.i.embedder.EclipseLogger - Copying 0 resource
2019-10-14 11:02:42,671 [Worker-0: Building workspace] INFO  o.e.m.c.i.embedder.EclipseLogger - Copying 0 resource
2019-10-14 11:02:42,675 [Worker-0: Building workspace] INFO  o.e.m.c.i.embedder.EclipseLogger - Using 'UTF-8' encoding to copy filtered resources.
2019-10-14 11:02:42,690 [Worker-0: Building workspace] INFO  o.e.m.c.i.embedder.EclipseLogger - skip non existing resourceDirectory C:\Users\AnkitPanigrahy\Documents\final-project\RMS\source\rms-service\src\test\resources
2019-10-14 11:03:45,164 [Worker-0: Launching Executing clean in C__Users_AnkitPanigrahy_Documents_final-project_RMS_source_rms-service] INFO  o.e.m.i.launch.MavenLaunchDelegate - C:\Users\AnkitPanigrahy\Documents\final-project\RMS\source\rms-service
2019-10-14 11:03:45,165 [Worker-0: Launching Executing clean in C__Users_AnkitPanigrahy_Documents_final-project_RMS_source_rms-service] INFO  o.e.m.i.launch.MavenLaunchDelegate -  mvn -B clean -Dstyle.color=always
2019-10-14 11:03:50,278 [Worker-10: Building workspace] INFO  o.e.m.c.i.embedder.EclipseLogger - Using 'UTF-8' encoding to copy filtered resources.
2019-10-14 11:03:50,287 [Worker-10: Building workspace] INFO  o.e.m.c.i.embedder.EclipseLogger - Copying 1 resource
2019-10-14 11:03:50,299 [Worker-10: Building workspace] INFO  o.e.m.c.i.embedder.EclipseLogger - Copying 0 resource
2019-10-14 11:03:50,311 [Worker-10: Building workspace] INFO  o.e.m.c.i.embedder.EclipseLogger - Using 'UTF-8' encoding to copy filtered resources.
2019-10-14 11:03:50,311 [Worker-10: Building workspace] INFO  o.e.m.c.i.embedder.EclipseLogger - skip non existing resourceDirectory C:\Users\AnkitPanigrahy\Documents\final-project\RMS\source\rms-service\src\test\resources
2019-10-14 11:04:18,669 [Worker-0: Launching Executing install in C__Users_AnkitPanigrahy_Documents_final-project_RMS_source_rms-service] INFO  o.e.m.i.launch.MavenLaunchDelegate - C:\Users\AnkitPanigrahy\Documents\final-project\RMS\source\rms-service
2019-10-14 11:04:18,669 [Worker-0: Launching Executing install in C__Users_AnkitPanigrahy_Documents_final-project_RMS_source_rms-service] INFO  o.e.m.i.launch.MavenLaunchDelegate -  mvn -B install -Dstyle.color=always
2019-10-14 11:04:24,465 [Worker-1: Building workspace] INFO  o.e.m.c.i.embedder.EclipseLogger - Using 'UTF-8' encoding to copy filtered resources.
2019-10-14 11:04:24,466 [Worker-1: Building workspace] INFO  o.e.m.c.i.embedder.EclipseLogger - Copying 1 resource
2019-10-14 11:04:24,468 [Worker-1: Building workspace] INFO  o.e.m.c.i.embedder.EclipseLogger - Copying 0 resource
2019-10-14 11:04:24,472 [Worker-1: Building workspace] INFO  o.e.m.c.i.embedder.EclipseLogger - Using 'UTF-8' encoding to copy filtered resources.
2019-10-14 11:04:24,472 [Worker-1: Building workspace] INFO  o.e.m.c.i.embedder.EclipseLogger - skip non existing resourceDirectory C:\Users\AnkitPanigrahy\Documents\final-project\RMS\source\rms-service\src\test\resources
2019-10-14 11:06:25,498 [Worker-1: Building workspace] INFO  o.e.m.c.i.embedder.EclipseLogger - Using 'UTF-8' encoding to copy filtered resources.
2019-10-14 11:06:25,513 [Worker-1: Building workspace] INFO  o.e.m.c.i.embedder.EclipseLogger - Copying 1 resource
2019-10-14 11:06:25,515 [Worker-1: Building workspace] INFO  o.e.m.c.i.embedder.EclipseLogger - Copying 0 resource
2019-10-14 11:06:25,534 [Worker-1: Building workspace] INFO  o.e.m.c.i.embedder.EclipseLogger - Using 'UTF-8' encoding to copy filtered resources.
2019-10-14 11:06:25,534 [Worker-1: Building workspace] INFO  o.e.m.c.i.embedder.EclipseLogger - skip non existing resourceDirectory C:\Users\AnkitPanigrahy\Documents\final-project\RMS\source\rms-service\src\test\resources
2019-10-14 11:07:09,856 [Worker-1: Building workspace] INFO  o.e.m.c.i.embedder.EclipseLogger - Using 'UTF-8' encoding to copy filtered resources.
2019-10-14 11:07:09,857 [Worker-1: Building workspace] INFO  o.e.m.c.i.embedder.EclipseLogger - Copying 1 resource
2019-10-14 11:07:09,860 [Worker-1: Building workspace] INFO  o.e.m.c.i.embedder.EclipseLogger - Copying 0 resource
2019-10-14 11:07:09,863 [Worker-1: Building workspace] INFO  o.e.m.c.i.embedder.EclipseLogger - Using 'UTF-8' encoding to copy filtered resources.
2019-10-14 11:07:09,895 [Worker-1: Building workspace] INFO  o.e.m.c.i.embedder.EclipseLogger - skip non existing resourceDirectory C:\Users\AnkitPanigrahy\Documents\final-project\RMS\source\rms-service\src\test\resources
2019-10-14 11:07:49,910 [Worker-11: Launching Executing install in C__Users_AnkitPanigrahy_Documents_final-project_RMS_source_rms-service] INFO  o.e.m.i.launch.MavenLaunchDelegate - C:\Users\AnkitPanigrahy\Documents\final-project\RMS\source\rms-service
2019-10-14 11:07:49,924 [Worker-11: Launching Executing install in C__Users_AnkitPanigrahy_Documents_final-project_RMS_source_rms-service] INFO  o.e.m.i.launch.MavenLaunchDelegate -  mvn -B install -Dstyle.color=always
2019-10-14 11:08:09,349 [Worker-11: Building workspace] INFO  o.e.m.c.i.embedder.EclipseLogger - Using 'UTF-8' encoding to copy filtered resources.
2019-10-14 11:08:09,376 [Worker-11: Building workspace] INFO  o.e.m.c.i.embedder.EclipseLogger - Copying 1 resource
2019-10-14 11:08:09,414 [Worker-11: Building workspace] INFO  o.e.m.c.i.embedder.EclipseLogger - Copying 0 resource
2019-10-14 11:08:09,430 [Worker-11: Building workspace] INFO  o.e.m.c.i.embedder.EclipseLogger - Using 'UTF-8' encoding to copy filtered resources.
2019-10-14 11:08:09,430 [Worker-11: Building workspace] INFO  o.e.m.c.i.embedder.EclipseLogger - skip non existing resourceDirectory C:\Users\AnkitPanigrahy\Documents\final-project\RMS\source\rms-service\src\test\resources
2019-10-14 11:26:46,496 [Worker-15: Building workspace] INFO  o.e.m.c.i.l.LifecycleMappingFactory - Using org.eclipse.m2e.jdt.JarLifecycleMapping lifecycle mapping for MavenProject: com.ibm.rms:rms-service:0.0.1-SNAPSHOT @ C:\Users\AnkitPanigrahy\Documents\final-project\RMS\source\rms-service\pom.xml.
2019-10-14 11:26:50,704 [Worker-15: Building workspace] INFO  o.e.m.c.i.embedder.EclipseLogger - Using 'UTF-8' encoding to copy filtered resources.
2019-10-14 11:26:50,708 [Worker-15: Building workspace] INFO  o.e.m.c.i.embedder.EclipseLogger - Copying 0 resource
2019-10-14 11:26:50,709 [Worker-15: Building workspace] INFO  o.e.m.c.i.embedder.EclipseLogger - Copying 0 resource
2019-10-14 11:26:50,712 [Worker-15: Building workspace] INFO  o.e.m.c.i.embedder.EclipseLogger - Using 'UTF-8' encoding to copy filtered resources.
2019-10-14 11:26:50,712 [Worker-15: Building workspace] INFO  o.e.m.c.i.embedder.EclipseLogger - skip non existing resourceDirectory C:\Users\AnkitPanigrahy\Documents\final-project\RMS\source\rms-service\src\test\resources
2019-10-14 11:26:59,141 [Worker-14: Building workspace] INFO  o.e.m.c.i.embedder.EclipseLogger - Using 'UTF-8' encoding to copy filtered resources.
2019-10-14 11:26:59,142 [Worker-14: Building workspace] INFO  o.e.m.c.i.embedder.EclipseLogger - Copying 1 resource
2019-10-14 11:26:59,177 [Worker-14: Building workspace] INFO  o.e.m.c.i.embedder.EclipseLogger - Copying 0 resource
2019-10-14 11:26:59,182 [Worker-14: Building workspace] INFO  o.e.m.c.i.embedder.EclipseLogger - Using 'UTF-8' encoding to copy filtered resources.
2019-10-14 11:26:59,200 [Worker-14: Building workspace] INFO  o.e.m.c.i.embedder.EclipseLogger - skip non existing resourceDirectory C:\Users\AnkitPanigrahy\Documents\final-project\RMS\source\rms-service\src\test\resources
2019-10-14 11:30:52,998 [Worker-18: Launching Executing clean in C__Users_AnkitPanigrahy_Documents_final-project_RMS_source_rms-service] INFO  o.e.m.i.launch.MavenLaunchDelegate - C:\Users\AnkitPanigrahy\Documents\final-project\RMS\source\rms-service
2019-10-14 11:30:53,013 [Worker-18: Launching Executing clean in C__Users_AnkitPanigrahy_Documents_final-project_RMS_source_rms-service] INFO  o.e.m.i.launch.MavenLaunchDelegate -  mvn -B clean -Dstyle.color=always
2019-10-14 11:30:57,345 [Worker-18: Building workspace] INFO  o.e.m.c.i.embedder.EclipseLogger - Using 'UTF-8' encoding to copy filtered resources.
2019-10-14 11:30:57,358 [Worker-18: Building workspace] INFO  o.e.m.c.i.embedder.EclipseLogger - Copying 1 resource
2019-10-14 11:30:57,367 [Worker-18: Building workspace] INFO  o.e.m.c.i.embedder.EclipseLogger - Copying 0 resource
2019-10-14 11:30:57,381 [Worker-18: Building workspace] INFO  o.e.m.c.i.embedder.EclipseLogger - Using 'UTF-8' encoding to copy filtered resources.
2019-10-14 11:30:57,381 [Worker-18: Building workspace] INFO  o.e.m.c.i.embedder.EclipseLogger - skip non existing resourceDirectory C:\Users\AnkitPanigrahy\Documents\final-project\RMS\source\rms-service\src\test\resources
2019-10-14 11:31:09,214 [Worker-6: Launching Executing install in C__Users_AnkitPanigrahy_Documents_final-project_RMS_source_rms-service] INFO  o.e.m.i.launch.MavenLaunchDelegate - C:\Users\AnkitPanigrahy\Documents\final-project\RMS\source\rms-service
2019-10-14 11:31:09,214 [Worker-6: Launching Executing install in C__Users_AnkitPanigrahy_Documents_final-project_RMS_source_rms-service] INFO  o.e.m.i.launch.MavenLaunchDelegate -  mvn -B install -Dstyle.color=always
2019-10-14 11:31:48,269 [Worker-17: Building workspace] INFO  o.e.m.c.i.embedder.EclipseLogger - Using 'UTF-8' encoding to copy filtered resources.
2019-10-14 11:31:48,279 [Worker-17: Building workspace] INFO  o.e.m.c.i.embedder.EclipseLogger - Copying 1 resource
2019-10-14 11:31:48,287 [Worker-17: Building workspace] INFO  o.e.m.c.i.embedder.EclipseLogger - Copying 0 resource
2019-10-14 11:31:48,289 [Worker-17: Building workspace] INFO  o.e.m.c.i.embedder.EclipseLogger - Using 'UTF-8' encoding to copy filtered resources.
2019-10-14 11:31:48,297 [Worker-17: Building workspace] INFO  o.e.m.c.i.embedder.EclipseLogger - skip non existing resourceDirectory C:\Users\AnkitPanigrahy\Documents\final-project\RMS\source\rms-service\src\test\resources
